<?xml version="1.0" encoding="UTF-8"?>
<!-- Generated by org.testng.reporters.JUnitReportReporter -->
<testsuite hostname="LAPTOP-AVT5DENA" failures="0" tests="1" name="myselPackage.login" time="14.297" errors="0" timestamp="2022-09-08T11:37:36 CDT" skipped="0">
  <testcase classname="myselPackage.login" name="main" time="14.297"/>
  <system-out/>
</testsuite> <!-- myselPackage.login -->
